<?xml version="1.0" encoding="UTF-8"?>
<testng-results skipped="0" failed="0" ignored="0" total="1" passed="1">
  <reporter-output>
  </reporter-output>
  <suite name="Default suite" duration-ms="13868" started-at="2022-02-18T13:46:45Z" finished-at="2022-02-18T13:46:59Z">
    <groups>
    </groups>
    <test name="Default test" duration-ms="13868" started-at="2022-02-18T13:46:45Z" finished-at="2022-02-18T13:46:59Z">
      <class name="testScripts.ScheduleManagementFlow">
        <test-method status="PASS" signature="beforeSuite()[pri:0, instance:testScripts.ScheduleManagementFlow@5622fdf]" name="beforeSuite" is-config="true" duration-ms="118" started-at="2022-02-18T13:46:45Z" finished-at="2022-02-18T13:46:45Z">
          <reporter-output>
          </reporter-output>
        </test-method> <!-- beforeSuite -->
        <test-method status="PASS" signature="before()[pri:0, instance:testScripts.ScheduleManagementFlow@5622fdf]" name="before" is-config="true" duration-ms="5806" started-at="2022-02-18T13:46:45Z" finished-at="2022-02-18T13:46:51Z">
          <reporter-output>
          </reporter-output>
        </test-method> <!-- before -->
        <test-method status="PASS" signature="ScheduleManagement()[pri:0, instance:testScripts.ScheduleManagementFlow@5622fdf]" name="ScheduleManagement" duration-ms="8036" started-at="2022-02-18T13:46:51Z" finished-at="2022-02-18T13:46:59Z">
          <reporter-output>
          </reporter-output>
        </test-method> <!-- ScheduleManagement -->
        <test-method status="PASS" signature="afterSuite()[pri:0, instance:testScripts.ScheduleManagementFlow@5622fdf]" name="afterSuite" is-config="true" duration-ms="489" started-at="2022-02-18T13:46:59Z" finished-at="2022-02-18T13:47:00Z">
          <reporter-output>
          </reporter-output>
        </test-method> <!-- afterSuite -->
      </class> <!-- testScripts.ScheduleManagementFlow -->
    </test> <!-- Default test -->
  </suite> <!-- Default suite -->
</testng-results>
