<?xml version="1.0" encoding="UTF-8"?>
<testng-results skipped="0" failed="0" ignored="0" total="1" passed="1">
  <reporter-output>
  </reporter-output>
  <suite name="Default suite" duration-ms="45578" started-at="2022-03-10T09:37:20Z" finished-at="2022-03-10T09:38:05Z">
    <groups>
    </groups>
    <test name="Default test" duration-ms="45578" started-at="2022-03-10T09:37:20Z" finished-at="2022-03-10T09:38:05Z">
      <class name="testScripts.ScheduleManagementFlow">
        <test-method status="PASS" signature="before()[pri:0, instance:testScripts.ScheduleManagementFlow@80ec1f8]" name="before" is-config="true" duration-ms="19272" started-at="2022-03-10T09:37:20Z" finished-at="2022-03-10T09:37:39Z">
          <reporter-output>
          </reporter-output>
        </test-method> <!-- before -->
        <test-method status="PASS" signature="ScheduleManagement()[pri:0, instance:testScripts.ScheduleManagementFlow@80ec1f8]" name="ScheduleManagement" duration-ms="23145" started-at="2022-03-10T09:37:39Z" finished-at="2022-03-10T09:38:02Z">
          <reporter-output>
          </reporter-output>
        </test-method> <!-- ScheduleManagement -->
        <test-method status="PASS" signature="after()[pri:0, instance:testScripts.ScheduleManagementFlow@80ec1f8]" name="after" is-config="true" duration-ms="3087" started-at="2022-03-10T09:38:02Z" finished-at="2022-03-10T09:38:05Z">
          <reporter-output>
          </reporter-output>
        </test-method> <!-- after -->
      </class> <!-- testScripts.ScheduleManagementFlow -->
    </test> <!-- Default test -->
  </suite> <!-- Default suite -->
</testng-results>
